0 info it worked if it ends with ok
1 verbose cli [ '/usr/bin/nodejs', '/usr/bin/npm', 'publish' ]
2 info using npm@3.10.8
3 info using node@v6.9.1
4 verbose publish [ '.' ]
5 silly cache add args [ '.', null ]
6 verbose cache add spec .
7 silly cache add parsed spec Result {
7 silly cache add   raw: '.',
7 silly cache add   scope: null,
7 silly cache add   escapedName: null,
7 silly cache add   name: null,
7 silly cache add   rawSpec: '.',
7 silly cache add   spec: '/home/xhad/code/coinone-g',
7 silly cache add   type: 'directory' }
8 verbose addLocalDirectory /home/xhad/.npm/coinone-g/0.0.7/package.tgz not in flight; packing
9 verbose correctMkdir /home/xhad/.npm correctMkdir not in flight; initializing
10 info lifecycle coinone-g@0.0.7~prepublish: coinone-g@0.0.7
11 silly lifecycle coinone-g@0.0.7~prepublish: no script for prepublish, continuing
12 verbose tar pack [ '/home/xhad/.npm/coinone-g/0.0.7/package.tgz',
12 verbose tar pack   '/home/xhad/code/coinone-g' ]
13 verbose tarball /home/xhad/.npm/coinone-g/0.0.7/package.tgz
14 verbose folder /home/xhad/code/coinone-g
15 verbose addLocalTarball adding from inside cache /home/xhad/.npm/coinone-g/0.0.7/package.tgz
16 verbose correctMkdir /home/xhad/.npm correctMkdir not in flight; initializing
17 silly cache afterAdd coinone-g@0.0.7
18 verbose afterAdd /home/xhad/.npm/coinone-g/0.0.7/package/package.json not in flight; writing
19 verbose correctMkdir /home/xhad/.npm correctMkdir not in flight; initializing
20 verbose afterAdd /home/xhad/.npm/coinone-g/0.0.7/package/package.json written
21 silly publish { name: 'coinone-g',
21 silly publish   version: '0.0.7',
21 silly publish   description: 'coinone bot repo',
21 silly publish   main: 'index.js',
21 silly publish   directories: { test: 'tests' },
21 silly publish   scripts: { test: 'echo "Error: no test specified" && exit 1' },
21 silly publish   repository:
21 silly publish    { type: 'git',
21 silly publish      url: 'git+https://github.com/xhad/coinone-g.git' },
21 silly publish   keywords: [ 'Coinone.com' ],
21 silly publish   author: { name: 'Chad Lynch' },
21 silly publish   license: 'MIT',
21 silly publish   bugs: { url: 'https://github.com/xhad/coinone-g/issues' },
21 silly publish   homepage: 'https://github.com/xhad/coinone-g#readme',
21 silly publish   readme: '## Coinone Bot Module\n\nSee http://github.com/xhad/coinone for Promised version with full api endpoints.\n',
21 silly publish   readmeFilename: 'README.md',
21 silly publish   gitHead: 'b601cc281fa07158a884c5fe8c7874527a226904',
21 silly publish   _id: 'coinone-g@0.0.7',
21 silly publish   _shasum: '19d3f79a3566522926fd4f717b52cfade9770251',
21 silly publish   _from: '.' }
22 verbose getPublishConfig undefined
23 silly mapToRegistry name coinone-g
24 silly mapToRegistry using default registry
25 silly mapToRegistry registry https://registry.npmjs.org/
26 silly mapToRegistry data Result {
26 silly mapToRegistry   raw: 'coinone-g',
26 silly mapToRegistry   scope: null,
26 silly mapToRegistry   escapedName: 'coinone-g',
26 silly mapToRegistry   name: 'coinone-g',
26 silly mapToRegistry   rawSpec: '',
26 silly mapToRegistry   spec: 'latest',
26 silly mapToRegistry   type: 'tag' }
27 silly mapToRegistry uri https://registry.npmjs.org/coinone-g
28 verbose publish registryBase https://registry.npmjs.org/
29 silly publish uploading /home/xhad/.npm/coinone-g/0.0.7/package.tgz
30 verbose request uri https://registry.npmjs.org/coinone-g
31 verbose request sending authorization for write operation
32 info attempt registry request try #1 at 11:04:05 AM
33 verbose request using bearer token for auth
34 verbose request id 51a1aea12ee6965d
35 http request PUT https://registry.npmjs.org/coinone-g
36 http 403 https://registry.npmjs.org/coinone-g
37 verbose headers { 'content-type': 'application/json',
37 verbose headers   'cache-control': 'max-age=300',
37 verbose headers   'content-length': '95',
37 verbose headers   'accept-ranges': 'bytes',
37 verbose headers   date: 'Thu, 08 Dec 2016 02:04:06 GMT',
37 verbose headers   via: '1.1 varnish',
37 verbose headers   connection: 'keep-alive',
37 verbose headers   'x-served-by': 'cache-nrt6129-NRT',
37 verbose headers   'x-cache': 'MISS',
37 verbose headers   'x-cache-hits': '0',
37 verbose headers   'x-timer': 'S1481162645.543660,VS0,VE632',
37 verbose headers   vary: 'Accept-Encoding' }
38 verbose request invalidating /home/xhad/.npm/registry.npmjs.org/coinone-g on PUT
39 error publish Failed PUT 403
40 verbose stack Error: "You cannot publish over the previously published version 0.0.7." : coinone-g
40 verbose stack     at makeError (/usr/lib/node_modules/npm/node_modules/npm-registry-client/lib/request.js:302:12)
40 verbose stack     at CachingRegistryClient.<anonymous> (/usr/lib/node_modules/npm/node_modules/npm-registry-client/lib/request.js:290:14)
40 verbose stack     at Request._callback (/usr/lib/node_modules/npm/node_modules/npm-registry-client/lib/request.js:210:14)
40 verbose stack     at Request.self.callback (/usr/lib/node_modules/npm/node_modules/request/request.js:187:22)
40 verbose stack     at emitTwo (events.js:106:13)
40 verbose stack     at Request.emit (events.js:191:7)
40 verbose stack     at Request.<anonymous> (/usr/lib/node_modules/npm/node_modules/request/request.js:1044:10)
40 verbose stack     at emitOne (events.js:96:13)
40 verbose stack     at Request.emit (events.js:188:7)
40 verbose stack     at IncomingMessage.<anonymous> (/usr/lib/node_modules/npm/node_modules/request/request.js:965:12)
41 verbose statusCode 403
42 verbose pkgid coinone-g
43 verbose cwd /home/xhad/code/coinone-g
44 error Linux 4.4.0-21-generic
45 error argv "/usr/bin/nodejs" "/usr/bin/npm" "publish"
46 error node v6.9.1
47 error npm  v3.10.8
48 error code E403
49 error "You cannot publish over the previously published version 0.0.7." : coinone-g
50 error If you need help, you may report this error at:
50 error     <https://github.com/npm/npm/issues>
51 verbose exit [ 1, true ]
